<?xml version="1.0" encoding="UTF-8"?>
<!-- Generated by org.testng.reporters.JUnitXMLReporter -->
<testsuite ignored="1" hostname="RADHE" failures="2" tests="13" name="Personal loan" time="0.141" errors="0" timestamp="2025-01-16T07:57:49 IST">
  <testcase classname="test.Day1" name="Demo" time="0.007"/>
  <testcase classname="test.Day1" name="SecondTest" time="0.002"/>
  <testcase classname="test.Day2" name="Demo" time="0.002"/>
  <testcase classname="test.Day3" name="MobileLogincarLoan" time="0.003"/>
  <testcase classname="test.Day3" name="WebLoginCarloan" time="0.0">
    <failure type="org.testng.TestNGException" message="
Parameter &amp;apos;URL&amp;apos; is required by @Test on method WebLoginCarloan but has not been marked @Optional or defined
in C:\Users\Abhishek Pateriya\Desktop\Mypreparation4ccee\Selenium_Rahul_shetty\SeleniumTestng\TestngTutorial\testng2.xml">
      <![CDATA[org.testng.TestNGException: 
Parameter 'URL' is required by @Test on method WebLoginCarloan but has not been marked @Optional or defined
in C:\Users\Abhishek Pateriya\Desktop\Mypreparation4ccee\Selenium_Rahul_shetty\SeleniumTestng\TestngTutorial\testng2.xml
at java.base/java.util.ArrayList.forEach(ArrayList.java:1511)
... Removed 26 stack frames]]>
    </failure>
  </testcase> <!-- WebLoginCarloan -->
  <testcase classname="test.Day3" name="LoginAPIcarLoan" time="0.003"/>
  <testcase classname="test.Day3" name="MobilesignoutcarLoan" time="0.002"/>
  <testcase classname="test.Day3" name="MobilesignoutcarLoan" time="0.001"/>
  <testcase classname="test.Day3" name="MobilesignoutcarLoan" time="0.002"/>
  <testcase classname="test.Day3" name="APIcarloan" time="0.0">
    <skipped/>
  </testcase> <!-- APIcarloan -->
  <testcase classname="test.Day4" name="LoginAPIHomeLoan" time="0.002"/>
  <testcase classname="test.Day4" name="MobileLoginHomeLoan" time="0.001"/>
  <testcase classname="test.Day4" name="WebLoginHomeloan" time="0.0">
    <failure type="org.testng.TestNGException" message="
Parameter &amp;apos;URL&amp;apos; is required by @Test on method WebLoginHomeloan but has not been marked @Optional or defined
in C:\Users\Abhishek Pateriya\Desktop\Mypreparation4ccee\Selenium_Rahul_shetty\SeleniumTestng\TestngTutorial\testng2.xml">
      <![CDATA[org.testng.TestNGException: 
Parameter 'URL' is required by @Test on method WebLoginHomeloan but has not been marked @Optional or defined
in C:\Users\Abhishek Pateriya\Desktop\Mypreparation4ccee\Selenium_Rahul_shetty\SeleniumTestng\TestngTutorial\testng2.xml
at java.base/java.util.ArrayList.forEach(ArrayList.java:1511)
... Removed 26 stack frames]]>
    </failure>
  </testcase> <!-- WebLoginHomeloan -->
  <testcase classname="test.Day3" name="MobilesignincarLoan" time="0.0">
    <ignored/>
  </testcase> <!-- MobilesignincarLoan -->
</testsuite> <!-- Personal loan -->
